app/build/outputs/logs/manifest-merger-debug-report.txt
-- Merging decision tree log ---
manifest
ADDED from AndroidManifest.xml:2:1
	package
		ADDED from AndroidManifest.xml:3:5
		INJECTED from AndroidManifest.xml:0:0
		INJECTED from AndroidManifest.xml:0:0
	android:versionName
		INJECTED from AndroidManifest.xml:0:0
		INJECTED from AndroidManifest.xml:0:0
	xmlns:android
		ADDED from AndroidManifest.xml:2:11
	android:versionCode
		INJECTED from AndroidManifest.xml:0:0
		INJECTED from AndroidManifest.xml:0:0
application
ADDED from AndroidManifest.xml:5:5
MERGED from com.android.support:appcompat-v7:22.2.1:22:5
MERGED from com.android.support:support-v4:22.2.1:22:5
MERGED from ShareLoginLib:share:unspecified:18:5
MERGED from com.android.support:appcompat-v7:22.2.1:22:5
MERGED from com.android.support:support-v4:22.2.1:22:5
	android:label
		ADDED from AndroidManifest.xml:8:9
	android:allowBackup
		ADDED from AndroidManifest.xml:6:9
	android:icon
		ADDED from AndroidManifest.xml:7:9
	android:theme
		ADDED from AndroidManifest.xml:9:9
activity#com.liulishuo.engzo.MainActivity
ADDED from AndroidManifest.xml:10:9
	android:label
		ADDED from AndroidManifest.xml:12:13
	android:name
		ADDED from AndroidManifest.xml:11:13
intent-filter#android.intent.action.MAIN+android.intent.category.LAUNCHER
ADDED from AndroidManifest.xml:13:13
action#android.intent.action.MAIN
ADDED from AndroidManifest.xml:14:17
	android:name
		ADDED from AndroidManifest.xml:14:25
category#android.intent.category.LAUNCHER
ADDED from AndroidManifest.xml:15:17
	android:name
		ADDED from AndroidManifest.xml:15:27
activity#com.tencent.tauth.AuthActivity
ADDED from AndroidManifest.xml:19:9
	android:launchMode
		ADDED from AndroidManifest.xml:21:13
	android:noHistory
		ADDED from AndroidManifest.xml:22:13
	android:name
		ADDED from AndroidManifest.xml:20:13
intent-filter#android.intent.action.VIEW+android.intent.category.BROWSABLE+android.intent.category.DEFAULT
ADDED from AndroidManifest.xml:23:13
action#android.intent.action.VIEW
ADDED from AndroidManifest.xml:24:17
	android:name
		ADDED from AndroidManifest.xml:24:25
category#android.intent.category.DEFAULT
ADDED from AndroidManifest.xml:25:17
	android:name
		ADDED from AndroidManifest.xml:25:27
category#android.intent.category.BROWSABLE
ADDED from AndroidManifest.xml:26:17
	android:name
		ADDED from AndroidManifest.xml:26:27
data
ADDED from AndroidManifest.xml:27:17
	android:scheme
		ADDED from AndroidManifest.xml:27:23
activity#com.liulishuo.engzo.wxapi.WXEntryActivity
ADDED from AndroidManifest.xml:31:9
	android:screenOrientation
		ADDED from AndroidManifest.xml:34:17
	android:exported
		ADDED from AndroidManifest.xml:33:17
	android:theme
		ADDED from AndroidManifest.xml:35:17
	android:name
		ADDED from AndroidManifest.xml:32:17
uses-sdk
INJECTED from AndroidManifest.xml:0:0 reason: use-sdk injection requested
MERGED from com.android.support:appcompat-v7:22.2.1:20:5
MERGED from com.android.support:support-v4:22.2.1:20:5
MERGED from ShareLoginLib:share:unspecified:7:5
MERGED from com.android.support:appcompat-v7:22.2.1:20:5
MERGED from com.android.support:support-v4:22.2.1:20:5
	android:targetSdkVersion
		INJECTED from AndroidManifest.xml:0:0
		INJECTED from AndroidManifest.xml:0:0
	android:minSdkVersion
		INJECTED from AndroidManifest.xml:0:0
		INJECTED from AndroidManifest.xml:0:0
uses-permission#android.permission.INTERNET
ADDED from ShareLoginLib:share:unspecified:11:5
	android:name
		ADDED from ShareLoginLib:share:unspecified:11:22
uses-permission#android.permission.ACCESS_WIFI_STATE
ADDED from ShareLoginLib:share:unspecified:12:5
	android:name
		ADDED from ShareLoginLib:share:unspecified:12:22
uses-permission#android.permission.ACCESS_NETWORK_STATE
ADDED from ShareLoginLib:share:unspecified:13:5
	android:name
		ADDED from ShareLoginLib:share:unspecified:13:22
uses-permission#android.permission.WRITE_EXTERNAL_STORAGE
ADDED from ShareLoginLib:share:unspecified:14:5
	android:name
		ADDED from ShareLoginLib:share:unspecified:14:22
uses-permission#android.permission.READ_PHONE_STATE
ADDED from ShareLoginLib:share:unspecified:15:5
	android:name
		ADDED from ShareLoginLib:share:unspecified:15:22
uses-permission#android.permission.INTERACT_ACROSS_USERS_FULL
ADDED from ShareLoginLib:share:unspecified:16:5
	android:name
		ADDED from ShareLoginLib:share:unspecified:16:22
activity#com.sina.weibo.sdk.component.WeiboSdkBrowser
ADDED from ShareLoginLib:share:unspecified:23:9
	android:exported
		ADDED from ShareLoginLib:share:unspecified:26:13
	android:windowSoftInputMode
		ADDED from ShareLoginLib:share:unspecified:27:13
	android:configChanges
		ADDED from ShareLoginLib:share:unspecified:25:13
	android:name
		ADDED from ShareLoginLib:share:unspecified:24:13
activity#com.tencent.connect.common.AssistActivity
ADDED from ShareLoginLib:share:unspecified:29:9
	android:screenOrientation
		ADDED from ShareLoginLib:share:unspecified:32:13
	android:configChanges
		ADDED from ShareLoginLib:share:unspecified:31:13
	android:theme
		ADDED from ShareLoginLib:share:unspecified:33:13
	android:name
		ADDED from ShareLoginLib:share:unspecified:30:13
activity#com.liulishuo.share.wechat.WechatHandlerActivity
ADDED from ShareLoginLib:share:unspecified:34:9
	android:screenOrientation
		ADDED from ShareLoginLib:share:unspecified:37:13
	android:exported
		ADDED from ShareLoginLib:share:unspecified:36:13
	android:theme
		ADDED from ShareLoginLib:share:unspecified:38:13
	android:name
		ADDED from ShareLoginLib:share:unspecified:35:13